Requirement already satisfied: pip in ./.venv/lib/python3.12/site-packages (25.3)
Obtaining file:///home/runner/work/mlsdm/mlsdm
  Installing build dependencies: started
  Installing build dependencies: finished with status 'done'
  Checking if build backend supports build_editable: started
  Checking if build backend supports build_editable: finished with status 'done'
  Getting requirements to build editable: started
  Getting requirements to build editable: finished with status 'done'
  Preparing editable metadata (pyproject.toml): started
  Preparing editable metadata (pyproject.toml): finished with status 'done'
Requirement already satisfied: numpy>=2.0.0 in ./.venv/lib/python3.12/site-packages (from mlsdm-governed-cognitive-memory==1.2.0) (2.3.5)
Requirement already satisfied: fastapi>=0.115.0 in ./.venv/lib/python3.12/site-packages (from mlsdm-governed-cognitive-memory==1.2.0) (0.124.4)
Requirement already satisfied: uvicorn>=0.32.0 in ./.venv/lib/python3.12/site-packages (from mlsdm-governed-cognitive-memory==1.2.0) (0.38.0)
Requirement already satisfied: pyyaml>=6.0.2 in ./.venv/lib/python3.12/site-packages (from mlsdm-governed-cognitive-memory==1.2.0) (6.0.3)
Requirement already satisfied: pydantic>=2.10.0 in ./.venv/lib/python3.12/site-packages (from mlsdm-governed-cognitive-memory==1.2.0) (2.12.5)
Requirement already satisfied: prometheus-client>=0.21.0 in ./.venv/lib/python3.12/site-packages (from mlsdm-governed-cognitive-memory==1.2.0) (0.23.1)
Requirement already satisfied: tenacity>=9.0.0 in ./.venv/lib/python3.12/site-packages (from mlsdm-governed-cognitive-memory==1.2.0) (9.1.2)
Requirement already satisfied: requests>=2.32.3 in ./.venv/lib/python3.12/site-packages (from mlsdm-governed-cognitive-memory==1.2.0) (2.32.4)
Requirement already satisfied: psutil>=6.1.0 in ./.venv/lib/python3.12/site-packages (from mlsdm-governed-cognitive-memory==1.2.0) (7.1.3)
Requirement already satisfied: pytest>=8.3.0 in ./.venv/lib/python3.12/site-packages (from mlsdm-governed-cognitive-memory==1.2.0) (9.0.2)
Requirement already satisfied: pytest-asyncio>=0.24.0 in ./.venv/lib/python3.12/site-packages (from mlsdm-governed-cognitive-memory==1.2.0) (1.3.0)
Requirement already satisfied: pytest-cov>=6.0.0 in ./.venv/lib/python3.12/site-packages (from mlsdm-governed-cognitive-memory==1.2.0) (7.0.0)
Requirement already satisfied: hypothesis>=6.122.0 in ./.venv/lib/python3.12/site-packages (from mlsdm-governed-cognitive-memory==1.2.0) (6.148.7)
Requirement already satisfied: ruff>=0.9.0 in ./.venv/lib/python3.12/site-packages (from mlsdm-governed-cognitive-memory==1.2.0) (0.14.9)
Requirement already satisfied: mypy>=1.15.0 in ./.venv/lib/python3.12/site-packages (from mlsdm-governed-cognitive-memory==1.2.0) (1.19.1)
Requirement already satisfied: deptry>=0.24.0 in ./.venv/lib/python3.12/site-packages (from mlsdm-governed-cognitive-memory==1.2.0) (0.24.0)
Requirement already satisfied: locust>=2.32.0 in ./.venv/lib/python3.12/site-packages (from mlsdm-governed-cognitive-memory==1.2.0) (2.42.6)
Requirement already satisfied: httpx>=0.28.0 in ./.venv/lib/python3.12/site-packages (from mlsdm-governed-cognitive-memory==1.2.0) (0.28.1)
Requirement already satisfied: types-PyYAML>=6.0.12 in ./.venv/lib/python3.12/site-packages (from mlsdm-governed-cognitive-memory==1.2.0) (6.0.12.20250915)
Requirement already satisfied: types-requests>=2.32.0 in ./.venv/lib/python3.12/site-packages (from mlsdm-governed-cognitive-memory==1.2.0) (2.32.4.20250913)
Requirement already satisfied: sentence-transformers>=3.0.0 in ./.venv/lib/python3.12/site-packages (from mlsdm-governed-cognitive-memory==1.2.0) (5.2.0)
Requirement already satisfied: click<9,>=8.0.0 in ./.venv/lib/python3.12/site-packages (from deptry>=0.24.0->mlsdm-governed-cognitive-memory==1.2.0) (8.3.1)
Requirement already satisfied: packaging>=23.2 in ./.venv/lib/python3.12/site-packages (from deptry>=0.24.0->mlsdm-governed-cognitive-memory==1.2.0) (25.0)
Requirement already satisfied: requirements-parser<1,>=0.11.0 in ./.venv/lib/python3.12/site-packages (from deptry>=0.24.0->mlsdm-governed-cognitive-memory==1.2.0) (0.13.0)
Requirement already satisfied: starlette<0.51.0,>=0.40.0 in ./.venv/lib/python3.12/site-packages (from fastapi>=0.115.0->mlsdm-governed-cognitive-memory==1.2.0) (0.50.0)
Requirement already satisfied: typing-extensions>=4.8.0 in ./.venv/lib/python3.12/site-packages (from fastapi>=0.115.0->mlsdm-governed-cognitive-memory==1.2.0) (4.15.0)
Requirement already satisfied: annotated-doc>=0.0.2 in ./.venv/lib/python3.12/site-packages (from fastapi>=0.115.0->mlsdm-governed-cognitive-memory==1.2.0) (0.0.4)
Requirement already satisfied: annotated-types>=0.6.0 in ./.venv/lib/python3.12/site-packages (from pydantic>=2.10.0->mlsdm-governed-cognitive-memory==1.2.0) (0.7.0)
Requirement already satisfied: pydantic-core==2.41.5 in ./.venv/lib/python3.12/site-packages (from pydantic>=2.10.0->mlsdm-governed-cognitive-memory==1.2.0) (2.41.5)
Requirement already satisfied: typing-inspection>=0.4.2 in ./.venv/lib/python3.12/site-packages (from pydantic>=2.10.0->mlsdm-governed-cognitive-memory==1.2.0) (0.4.2)
Requirement already satisfied: anyio<5,>=3.6.2 in ./.venv/lib/python3.12/site-packages (from starlette<0.51.0,>=0.40.0->fastapi>=0.115.0->mlsdm-governed-cognitive-memory==1.2.0) (4.12.0)
Requirement already satisfied: idna>=2.8 in ./.venv/lib/python3.12/site-packages (from anyio<5,>=3.6.2->starlette<0.51.0,>=0.40.0->fastapi>=0.115.0->mlsdm-governed-cognitive-memory==1.2.0) (3.11)
Requirement already satisfied: certifi in ./.venv/lib/python3.12/site-packages (from httpx>=0.28.0->mlsdm-governed-cognitive-memory==1.2.0) (2025.11.12)
Requirement already satisfied: httpcore==1.* in ./.venv/lib/python3.12/site-packages (from httpx>=0.28.0->mlsdm-governed-cognitive-memory==1.2.0) (1.0.9)
Requirement already satisfied: h11>=0.16 in ./.venv/lib/python3.12/site-packages (from httpcore==1.*->httpx>=0.28.0->mlsdm-governed-cognitive-memory==1.2.0) (0.16.0)
Requirement already satisfied: sortedcontainers<3.0.0,>=2.1.0 in ./.venv/lib/python3.12/site-packages (from hypothesis>=6.122.0->mlsdm-governed-cognitive-memory==1.2.0) (2.4.0)
Requirement already satisfied: configargparse>=1.7.1 in ./.venv/lib/python3.12/site-packages (from locust>=2.32.0->mlsdm-governed-cognitive-memory==1.2.0) (1.7.1)
Requirement already satisfied: flask-cors>=3.0.10 in ./.venv/lib/python3.12/site-packages (from locust>=2.32.0->mlsdm-governed-cognitive-memory==1.2.0) (6.0.2)
Requirement already satisfied: flask-login>=0.6.3 in ./.venv/lib/python3.12/site-packages (from locust>=2.32.0->mlsdm-governed-cognitive-memory==1.2.0) (0.6.3)
Requirement already satisfied: flask>=2.0.0 in ./.venv/lib/python3.12/site-packages (from locust>=2.32.0->mlsdm-governed-cognitive-memory==1.2.0) (3.1.2)
Requirement already satisfied: gevent!=25.8.1,<26.0.0,>=24.10.1 in ./.venv/lib/python3.12/site-packages (from locust>=2.32.0->mlsdm-governed-cognitive-memory==1.2.0) (25.9.1)
Requirement already satisfied: geventhttpclient>=2.3.1 in ./.venv/lib/python3.12/site-packages (from locust>=2.32.0->mlsdm-governed-cognitive-memory==1.2.0) (2.3.7)
Requirement already satisfied: locust-cloud>=1.29.4 in ./.venv/lib/python3.12/site-packages (from locust>=2.32.0->mlsdm-governed-cognitive-memory==1.2.0) (1.29.5)
Requirement already satisfied: msgpack>=1.0.0 in ./.venv/lib/python3.12/site-packages (from locust>=2.32.0->mlsdm-governed-cognitive-memory==1.2.0) (1.1.2)
Requirement already satisfied: python-engineio>=4.12.2 in ./.venv/lib/python3.12/site-packages (from locust>=2.32.0->mlsdm-governed-cognitive-memory==1.2.0) (4.12.3)
Requirement already satisfied: python-socketio>=5.13.0 in ./.venv/lib/python3.12/site-packages (from python-socketio[client]>=5.13.0->locust>=2.32.0->mlsdm-governed-cognitive-memory==1.2.0) (5.15.0)
Requirement already satisfied: pyzmq>=25.0.0 in ./.venv/lib/python3.12/site-packages (from locust>=2.32.0->mlsdm-governed-cognitive-memory==1.2.0) (27.1.0)
Requirement already satisfied: werkzeug>=2.0.0 in ./.venv/lib/python3.12/site-packages (from locust>=2.32.0->mlsdm-governed-cognitive-memory==1.2.0) (3.1.4)
Requirement already satisfied: greenlet>=3.2.2 in ./.venv/lib/python3.12/site-packages (from gevent!=25.8.1,<26.0.0,>=24.10.1->locust>=2.32.0->mlsdm-governed-cognitive-memory==1.2.0) (3.3.0)
Requirement already satisfied: zope.event in ./.venv/lib/python3.12/site-packages (from gevent!=25.8.1,<26.0.0,>=24.10.1->locust>=2.32.0->mlsdm-governed-cognitive-memory==1.2.0) (6.1)
Requirement already satisfied: zope.interface in ./.venv/lib/python3.12/site-packages (from gevent!=25.8.1,<26.0.0,>=24.10.1->locust>=2.32.0->mlsdm-governed-cognitive-memory==1.2.0) (8.1.1)
Requirement already satisfied: iniconfig>=1.0.1 in ./.venv/lib/python3.12/site-packages (from pytest>=8.3.0->mlsdm-governed-cognitive-memory==1.2.0) (2.3.0)
Requirement already satisfied: pluggy<2,>=1.5 in ./.venv/lib/python3.12/site-packages (from pytest>=8.3.0->mlsdm-governed-cognitive-memory==1.2.0) (1.6.0)
Requirement already satisfied: pygments>=2.7.2 in ./.venv/lib/python3.12/site-packages (from pytest>=8.3.0->mlsdm-governed-cognitive-memory==1.2.0) (2.19.2)
Requirement already satisfied: charset_normalizer<4,>=2 in ./.venv/lib/python3.12/site-packages (from requests>=2.32.3->mlsdm-governed-cognitive-memory==1.2.0) (3.4.4)
Requirement already satisfied: urllib3<3,>=1.21.1 in ./.venv/lib/python3.12/site-packages (from requests>=2.32.3->mlsdm-governed-cognitive-memory==1.2.0) (2.6.2)
Requirement already satisfied: blinker>=1.9.0 in ./.venv/lib/python3.12/site-packages (from flask>=2.0.0->locust>=2.32.0->mlsdm-governed-cognitive-memory==1.2.0) (1.9.0)
Requirement already satisfied: itsdangerous>=2.2.0 in ./.venv/lib/python3.12/site-packages (from flask>=2.0.0->locust>=2.32.0->mlsdm-governed-cognitive-memory==1.2.0) (2.2.0)
Requirement already satisfied: jinja2>=3.1.2 in ./.venv/lib/python3.12/site-packages (from flask>=2.0.0->locust>=2.32.0->mlsdm-governed-cognitive-memory==1.2.0) (3.1.6)
Requirement already satisfied: markupsafe>=2.1.1 in ./.venv/lib/python3.12/site-packages (from flask>=2.0.0->locust>=2.32.0->mlsdm-governed-cognitive-memory==1.2.0) (3.0.3)
Requirement already satisfied: brotli in ./.venv/lib/python3.12/site-packages (from geventhttpclient>=2.3.1->locust>=2.32.0->mlsdm-governed-cognitive-memory==1.2.0) (1.2.0)
Requirement already satisfied: platformdirs<5.0.0,>=4.3.6 in ./.venv/lib/python3.12/site-packages (from locust-cloud>=1.29.4->locust>=2.32.0->mlsdm-governed-cognitive-memory==1.2.0) (4.5.1)
Requirement already satisfied: bidict>=0.21.0 in ./.venv/lib/python3.12/site-packages (from python-socketio>=5.13.0->python-socketio[client]>=5.13.0->locust>=2.32.0->mlsdm-governed-cognitive-memory==1.2.0) (0.23.1)
Requirement already satisfied: websocket-client>=0.54.0 in ./.venv/lib/python3.12/site-packages (from python-socketio[client]>=5.13.0->locust>=2.32.0->mlsdm-governed-cognitive-memory==1.2.0) (1.9.0)
Requirement already satisfied: mypy_extensions>=1.0.0 in ./.venv/lib/python3.12/site-packages (from mypy>=1.15.0->mlsdm-governed-cognitive-memory==1.2.0) (1.1.0)
Requirement already satisfied: pathspec>=0.9.0 in ./.venv/lib/python3.12/site-packages (from mypy>=1.15.0->mlsdm-governed-cognitive-memory==1.2.0) (0.12.1)
Requirement already satisfied: librt>=0.6.2 in ./.venv/lib/python3.12/site-packages (from mypy>=1.15.0->mlsdm-governed-cognitive-memory==1.2.0) (0.7.3)
Requirement already satisfied: coverage>=7.10.6 in ./.venv/lib/python3.12/site-packages (from coverage[toml]>=7.10.6->pytest-cov>=6.0.0->mlsdm-governed-cognitive-memory==1.2.0) (7.13.0)
Requirement already satisfied: simple-websocket>=0.10.0 in ./.venv/lib/python3.12/site-packages (from python-engineio>=4.12.2->locust>=2.32.0->mlsdm-governed-cognitive-memory==1.2.0) (1.1.0)
Requirement already satisfied: transformers<6.0.0,>=4.41.0 in ./.venv/lib/python3.12/site-packages (from sentence-transformers>=3.0.0->mlsdm-governed-cognitive-memory==1.2.0) (4.57.3)
Requirement already satisfied: tqdm in ./.venv/lib/python3.12/site-packages (from sentence-transformers>=3.0.0->mlsdm-governed-cognitive-memory==1.2.0) (4.67.1)
Requirement already satisfied: torch>=1.11.0 in ./.venv/lib/python3.12/site-packages (from sentence-transformers>=3.0.0->mlsdm-governed-cognitive-memory==1.2.0) (2.9.1)
Requirement already satisfied: scikit-learn in ./.venv/lib/python3.12/site-packages (from sentence-transformers>=3.0.0->mlsdm-governed-cognitive-memory==1.2.0) (1.8.0)
Requirement already satisfied: scipy in ./.venv/lib/python3.12/site-packages (from sentence-transformers>=3.0.0->mlsdm-governed-cognitive-memory==1.2.0) (1.16.3)
Requirement already satisfied: huggingface-hub>=0.20.0 in ./.venv/lib/python3.12/site-packages (from sentence-transformers>=3.0.0->mlsdm-governed-cognitive-memory==1.2.0) (0.36.0)
Requirement already satisfied: filelock in ./.venv/lib/python3.12/site-packages (from transformers<6.0.0,>=4.41.0->sentence-transformers>=3.0.0->mlsdm-governed-cognitive-memory==1.2.0) (3.20.0)
Requirement already satisfied: regex!=2019.12.17 in ./.venv/lib/python3.12/site-packages (from transformers<6.0.0,>=4.41.0->sentence-transformers>=3.0.0->mlsdm-governed-cognitive-memory==1.2.0) (2025.11.3)
Requirement already satisfied: tokenizers<=0.23.0,>=0.22.0 in ./.venv/lib/python3.12/site-packages (from transformers<6.0.0,>=4.41.0->sentence-transformers>=3.0.0->mlsdm-governed-cognitive-memory==1.2.0) (0.22.1)
Requirement already satisfied: safetensors>=0.4.3 in ./.venv/lib/python3.12/site-packages (from transformers<6.0.0,>=4.41.0->sentence-transformers>=3.0.0->mlsdm-governed-cognitive-memory==1.2.0) (0.7.0)
Requirement already satisfied: fsspec>=2023.5.0 in ./.venv/lib/python3.12/site-packages (from huggingface-hub>=0.20.0->sentence-transformers>=3.0.0->mlsdm-governed-cognitive-memory==1.2.0) (2025.12.0)
Requirement already satisfied: hf-xet<2.0.0,>=1.1.3 in ./.venv/lib/python3.12/site-packages (from huggingface-hub>=0.20.0->sentence-transformers>=3.0.0->mlsdm-governed-cognitive-memory==1.2.0) (1.2.0)
Requirement already satisfied: wsproto in ./.venv/lib/python3.12/site-packages (from simple-websocket>=0.10.0->python-engineio>=4.12.2->locust>=2.32.0->mlsdm-governed-cognitive-memory==1.2.0) (1.3.2)
Requirement already satisfied: setuptools in ./.venv/lib/python3.12/site-packages (from torch>=1.11.0->sentence-transformers>=3.0.0->mlsdm-governed-cognitive-memory==1.2.0) (80.9.0)
Requirement already satisfied: sympy>=1.13.3 in ./.venv/lib/python3.12/site-packages (from torch>=1.11.0->sentence-transformers>=3.0.0->mlsdm-governed-cognitive-memory==1.2.0) (1.14.0)
Requirement already satisfied: networkx>=2.5.1 in ./.venv/lib/python3.12/site-packages (from torch>=1.11.0->sentence-transformers>=3.0.0->mlsdm-governed-cognitive-memory==1.2.0) (3.6.1)
Requirement already satisfied: nvidia-cuda-nvrtc-cu12==12.8.93 in ./.venv/lib/python3.12/site-packages (from torch>=1.11.0->sentence-transformers>=3.0.0->mlsdm-governed-cognitive-memory==1.2.0) (12.8.93)
Requirement already satisfied: nvidia-cuda-runtime-cu12==12.8.90 in ./.venv/lib/python3.12/site-packages (from torch>=1.11.0->sentence-transformers>=3.0.0->mlsdm-governed-cognitive-memory==1.2.0) (12.8.90)
Requirement already satisfied: nvidia-cuda-cupti-cu12==12.8.90 in ./.venv/lib/python3.12/site-packages (from torch>=1.11.0->sentence-transformers>=3.0.0->mlsdm-governed-cognitive-memory==1.2.0) (12.8.90)
Requirement already satisfied: nvidia-cudnn-cu12==9.10.2.21 in ./.venv/lib/python3.12/site-packages (from torch>=1.11.0->sentence-transformers>=3.0.0->mlsdm-governed-cognitive-memory==1.2.0) (9.10.2.21)
Requirement already satisfied: nvidia-cublas-cu12==12.8.4.1 in ./.venv/lib/python3.12/site-packages (from torch>=1.11.0->sentence-transformers>=3.0.0->mlsdm-governed-cognitive-memory==1.2.0) (12.8.4.1)
Requirement already satisfied: nvidia-cufft-cu12==11.3.3.83 in ./.venv/lib/python3.12/site-packages (from torch>=1.11.0->sentence-transformers>=3.0.0->mlsdm-governed-cognitive-memory==1.2.0) (11.3.3.83)
Requirement already satisfied: nvidia-curand-cu12==10.3.9.90 in ./.venv/lib/python3.12/site-packages (from torch>=1.11.0->sentence-transformers>=3.0.0->mlsdm-governed-cognitive-memory==1.2.0) (10.3.9.90)
Requirement already satisfied: nvidia-cusolver-cu12==11.7.3.90 in ./.venv/lib/python3.12/site-packages (from torch>=1.11.0->sentence-transformers>=3.0.0->mlsdm-governed-cognitive-memory==1.2.0) (11.7.3.90)
Requirement already satisfied: nvidia-cusparse-cu12==12.5.8.93 in ./.venv/lib/python3.12/site-packages (from torch>=1.11.0->sentence-transformers>=3.0.0->mlsdm-governed-cognitive-memory==1.2.0) (12.5.8.93)
Requirement already satisfied: nvidia-cusparselt-cu12==0.7.1 in ./.venv/lib/python3.12/site-packages (from torch>=1.11.0->sentence-transformers>=3.0.0->mlsdm-governed-cognitive-memory==1.2.0) (0.7.1)
Requirement already satisfied: nvidia-nccl-cu12==2.27.5 in ./.venv/lib/python3.12/site-packages (from torch>=1.11.0->sentence-transformers>=3.0.0->mlsdm-governed-cognitive-memory==1.2.0) (2.27.5)
Requirement already satisfied: nvidia-nvshmem-cu12==3.3.20 in ./.venv/lib/python3.12/site-packages (from torch>=1.11.0->sentence-transformers>=3.0.0->mlsdm-governed-cognitive-memory==1.2.0) (3.3.20)
Requirement already satisfied: nvidia-nvtx-cu12==12.8.90 in ./.venv/lib/python3.12/site-packages (from torch>=1.11.0->sentence-transformers>=3.0.0->mlsdm-governed-cognitive-memory==1.2.0) (12.8.90)
Requirement already satisfied: nvidia-nvjitlink-cu12==12.8.93 in ./.venv/lib/python3.12/site-packages (from torch>=1.11.0->sentence-transformers>=3.0.0->mlsdm-governed-cognitive-memory==1.2.0) (12.8.93)
Requirement already satisfied: nvidia-cufile-cu12==1.13.1.3 in ./.venv/lib/python3.12/site-packages (from torch>=1.11.0->sentence-transformers>=3.0.0->mlsdm-governed-cognitive-memory==1.2.0) (1.13.1.3)
Requirement already satisfied: triton==3.5.1 in ./.venv/lib/python3.12/site-packages (from torch>=1.11.0->sentence-transformers>=3.0.0->mlsdm-governed-cognitive-memory==1.2.0) (3.5.1)
Requirement already satisfied: mpmath<1.4,>=1.1.0 in ./.venv/lib/python3.12/site-packages (from sympy>=1.13.3->torch>=1.11.0->sentence-transformers>=3.0.0->mlsdm-governed-cognitive-memory==1.2.0) (1.3.0)
Requirement already satisfied: joblib>=1.3.0 in ./.venv/lib/python3.12/site-packages (from scikit-learn->sentence-transformers>=3.0.0->mlsdm-governed-cognitive-memory==1.2.0) (1.5.3)
Requirement already satisfied: threadpoolctl>=3.2.0 in ./.venv/lib/python3.12/site-packages (from scikit-learn->sentence-transformers>=3.0.0->mlsdm-governed-cognitive-memory==1.2.0) (3.6.0)
Building wheels for collected packages: mlsdm-governed-cognitive-memory
  Building editable for mlsdm-governed-cognitive-memory (pyproject.toml): started
  Building editable for mlsdm-governed-cognitive-memory (pyproject.toml): finished with status 'done'
  Created wheel for mlsdm-governed-cognitive-memory: filename=mlsdm_governed_cognitive_memory-1.2.0-0.editable-py3-none-any.whl size=13391 sha256=f844529638d86d4cb9d508f96d54806c5c9f3b79fdce3e838f6ad0b1933bd83f
  Stored in directory: /tmp/pip-ephem-wheel-cache-v1ru8w2m/wheels/f4/7c/30/5689dd78adc20f3707a3932253d02a7b5e719ef34024117219
Successfully built mlsdm-governed-cognitive-memory
Installing collected packages: mlsdm-governed-cognitive-memory
  Attempting uninstall: mlsdm-governed-cognitive-memory
    Found existing installation: mlsdm-governed-cognitive-memory 1.2.0
    Uninstalling mlsdm-governed-cognitive-memory-1.2.0:
      Successfully uninstalled mlsdm-governed-cognitive-memory-1.2.0
Successfully installed mlsdm-governed-cognitive-memory-1.2.0
